<?xml version="1.0" encoding="UTF-8"?>
<!-- Generated by org.testng.reporters.JUnitXMLReporter -->
<testsuite hostname="LAPTOP-C30RMPD3" failures="1" tests="1" name="Test" time="122.35" errors="0" timestamp="9 Apr 2023 15:40:52 GMT">
  <testcase classname="com.travel.frame.test.DemoTest" name="SukoonInsuranceTest" time="118.513">
    <failure type="org.openqa.selenium.NoSuchFrameException" message="No frame element found by name or id paymentIFrame
Build info: version: &amp;apos;2.50.0&amp;apos;, revision: &amp;apos;1070ace4650453d518aeb03e7a9a36c9d264a8e7&amp;apos;, time: &amp;apos;2016-01-27 10:46:18&amp;apos;
System info: host: &amp;apos;LAPTOP-C30RMPD3&amp;apos;, ip: &amp;apos;192.168.29.71&amp;apos;, os.name: &amp;apos;Windows 11&amp;apos;, os.arch: &amp;apos;amd64&amp;apos;, os.version: &amp;apos;10.0&amp;apos;, java.version: &amp;apos;18.0.1.1&amp;apos;
Driver info: driver.version: unknown">
      <![CDATA[org.openqa.selenium.NoSuchFrameException: No frame element found by name or id paymentIFrame
Build info: version: '2.50.0', revision: '1070ace4650453d518aeb03e7a9a36c9d264a8e7', time: '2016-01-27 10:46:18'
System info: host: 'LAPTOP-C30RMPD3', ip: '192.168.29.71', os.name: 'Windows 11', os.arch: 'amd64', os.version: '10.0', java.version: '18.0.1.1'
Driver info: driver.version: unknown
	at org.openqa.selenium.remote.RemoteWebDriver$RemoteTargetLocator.frame(RemoteWebDriver.java:995)
	at com.travel.frame.utility.TestUtil.handleFrame(TestUtil.java:62)
	at com.travel.frame.test.DemoTest.SukoonInsuranceTest(DemoTest.java:104)
... Removed 22 stack frames]]>
    </failure>
  </testcase> <!-- SukoonInsuranceTest -->
</testsuite> <!-- Test -->
